<?xml version="1.0" encoding="UTF-8"?>
<testsuite name="com.knotworking.whereami.core.domain.usecase.CalculateScoreUseCaseTest" tests="4" skipped="0" failures="0" errors="0" timestamp="2026-03-15T14:52:34.539Z" hostname="Bens-MBP.fritz.box" time="0.002">
  <properties/>
  <testcase name="score for 10m is 5000" classname="com.knotworking.whereami.core.domain.usecase.CalculateScoreUseCaseTest" time="0.0"/>
  <testcase name="score for very large distance is 0" classname="com.knotworking.whereami.core.domain.usecase.CalculateScoreUseCaseTest" time="0.001"/>
  <testcase name="score for 1000km is around 3032" classname="com.knotworking.whereami.core.domain.usecase.CalculateScoreUseCaseTest" time="0.001"/>
  <testcase name="score for 0 distance is 5000" classname="com.knotworking.whereami.core.domain.usecase.CalculateScoreUseCaseTest" time="0.0"/>
  <system-out><![CDATA[]]></system-out>
  <system-err><![CDATA[]]></system-err>
</testsuite>
