<?xml version="1.0" encoding="UTF-8"?>
<testsuite name="com.knotworking.whereami.core.domain.usecase.GetRandomPhotoUseCaseTest" tests="2" skipped="0" failures="0" errors="0" timestamp="2026-03-15T14:52:34.542Z" hostname="Bens-MBP.fritz.box" time="0.687">
  <properties/>
  <testcase name="invoke returns photo from repository" classname="com.knotworking.whereami.core.domain.usecase.GetRandomPhotoUseCaseTest" time="0.685"/>
  <testcase name="invoke returns null when repository returns empty list" classname="com.knotworking.whereami.core.domain.usecase.GetRandomPhotoUseCaseTest" time="0.001"/>
  <system-out><![CDATA[]]></system-out>
  <system-err><![CDATA[WARNING: A Java agent has been loaded dynamically (/Users/ben/.gradle/caches/modules-2/files-2.1/net.bytebuddy/byte-buddy-agent/1.14.17/e3c251a39dc90badaf71c83427ba46840f219d8d/byte-buddy-agent-1.14.17.jar)
WARNING: If a serviceability tool is in use, please run with -XX:+EnableDynamicAgentLoading to hide this warning
WARNING: If a serviceability tool is not in use, please run with -Djdk.instrument.traceUsage for more information
WARNING: Dynamic loading of agents will be disallowed by default in a future release
]]></system-err>
</testsuite>
