<?xml version="1.0" encoding="UTF-8"?>
<testsuite name="com.knotworking.whereami.feature.game.GameViewModelTest" tests="4" skipped="0" failures="0" errors="0" timestamp="2026-03-15T14:58:14.771Z" hostname="Bens-MBP.fritz.box" time="0.552">
  <properties/>
  <testcase name="initial state loads first round" classname="com.knotworking.whereami.feature.game.GameViewModelTest" time="0.542"/>
  <testcase name="next round increments round count and loads new photo" classname="com.knotworking.whereami.feature.game.GameViewModelTest" time="0.002"/>
  <testcase name="submit guess updates score and round state" classname="com.knotworking.whereami.feature.game.GameViewModelTest" time="0.005"/>
  <testcase name="isGameOver set to true after 5 rounds" classname="com.knotworking.whereami.feature.game.GameViewModelTest" time="0.001"/>
  <system-out><![CDATA[]]></system-out>
  <system-err><![CDATA[WARNING: A Java agent has been loaded dynamically (/Users/ben/.gradle/caches/modules-2/files-2.1/net.bytebuddy/byte-buddy-agent/1.14.17/e3c251a39dc90badaf71c83427ba46840f219d8d/byte-buddy-agent-1.14.17.jar)
WARNING: If a serviceability tool is in use, please run with -XX:+EnableDynamicAgentLoading to hide this warning
WARNING: If a serviceability tool is not in use, please run with -Djdk.instrument.traceUsage for more information
WARNING: Dynamic loading of agents will be disallowed by default in a future release
]]></system-err>
</testsuite>
